SF:lib\main.dart
DA:6,0
DA:9,1
DA:11,0
DA:13,0
DA:14,0
DA:15,0
LF:6
LH:1
end_of_record
SF:lib\weather_cubit.dart
DA:16,3
DA:18,0
DA:20,0
DA:23,0
DA:25,0
DA:26,0
DA:29,1
DA:34,1
DA:35,1
DA:38,1
DA:39,1
DA:42,3
DA:45,2
DA:47,1
DA:50,1
DA:51,1
DA:53,1
DA:55,1
DA:58,3
DA:60,2
DA:63,1
DA:65,2
DA:66,1
DA:70,3
DA:71,3
DA:73,2
DA:75,0
DA:78,1
DA:79,1
DA:80,1
DA:81,1
DA:83,0
DA:87,1
DA:91,1
DA:96,1
DA:97,1
DA:99,1
DA:100,3
DA:101,3
DA:102,3
DA:104,2
DA:105,2
DA:106,2
DA:107,2
DA:108,2
DA:109,1
DA:110,1
DA:111,2
DA:114,2
DA:115,2
DA:116,0
DA:121,0
DA:123,0
DA:124,0
DA:125,0
DA:126,0
DA:127,0
DA:128,0
DA:129,0
DA:130,0
DA:132,0
DA:133,0
DA:134,0
DA:135,0
DA:136,0
DA:137,0
DA:138,0
DA:139,0
DA:140,0
DA:143,0
DA:144,0
DA:145,0
DA:146,0
DA:147,0
DA:148,0
DA:149,0
DA:151,0
DA:152,0
DA:153,0
DA:154,0
DA:155,0
DA:156,0
DA:157,0
DA:158,0
DA:159,0
DA:163,1
DA:165,1
DA:166,2
DA:167,2
DA:168,2
DA:169,2
DA:170,2
DA:171,2
DA:172,2
DA:173,2
DA:174,2
DA:175,2
DA:176,2
DA:177,2
DA:178,2
DA:179,2
DA:184,1
DA:185,3
DA:188,1
DA:189,3
DA:192,1
DA:193,1
DA:194,2
LF:108
LH:66
end_of_record
SF:lib\weather_package.dart
DA:19,1
DA:38,1
DA:40,1
DA:50,1
DA:51,1
DA:56,0
DA:57,0
LF:7
LH:5
end_of_record
SF:lib\weather_screen.dart
DA:25,1
DA:27,0
DA:28,0
DA:46,0
DA:49,0
DA:50,0
DA:51,0
DA:52,0
DA:53,0
DA:56,0
DA:57,0
DA:58,0
DA:63,0
DA:64,0
DA:65,0
DA:66,0
DA:67,0
DA:68,0
DA:69,0
DA:70,0
DA:71,0
DA:72,0
DA:74,0
DA:75,0
DA:76,0
DA:77,0
DA:79,0
DA:81,0
DA:83,0
DA:84,0
DA:85,0
DA:87,0
DA:88,0
DA:90,0
DA:98,0
DA:99,0
DA:100,0
DA:103,0
DA:105,0
DA:106,0
DA:107,0
DA:110,0
DA:112,0
DA:113,0
DA:115,0
DA:116,0
DA:117,0
DA:119,0
DA:120,0
DA:126,0
DA:127,0
DA:128,0
DA:130,0
DA:131,0
DA:132,0
DA:135,0
DA:136,0
DA:138,0
DA:140,0
DA:142,0
DA:143,0
DA:152,0
DA:156,0
DA:157,0
DA:158,0
DA:160,0
DA:161,0
DA:162,0
DA:165,0
DA:167,0
DA:169,0
DA:170,0
DA:179,0
DA:183,0
DA:184,0
DA:186,0
DA:187,0
DA:189,0
DA:192,0
DA:195,0
DA:196,0
DA:200,0
DA:201,0
DA:202,0
DA:203,0
DA:204,0
DA:205,0
DA:206,0
DA:207,0
DA:208,0
DA:209,0
DA:210,0
DA:211,0
DA:212,0
DA:213,0
DA:214,0
DA:215,0
DA:218,0
DA:219,0
DA:220,0
DA:221,0
DA:222,0
DA:225,0
DA:226,0
DA:229,0
DA:230,0
DA:231,0
DA:232,0
DA:236,0
DA:237,0
DA:238,0
DA:239,0
DA:240,0
DA:243,0
DA:244,0
DA:246,0
DA:253,0
DA:254,0
DA:255,0
DA:257,0
DA:259,0
DA:260,0
DA:263,0
DA:269,0
DA:270,0
DA:273,0
DA:278,0
DA:279,0
DA:282,0
DA:287,0
DA:288,0
DA:291,0
DA:295,0
DA:297,0
DA:299,0
DA:301,0
DA:302,0
DA:305,0
DA:307,0
DA:308,0
DA:310,0
DA:311,0
DA:317,0
DA:320,0
DA:322,0
DA:324,0
DA:327,0
DA:332,0
DA:333,0
DA:334,0
DA:336,0
DA:337,0
DA:338,0
DA:341,0
DA:343,0
DA:345,0
DA:346,0
DA:355,0
DA:359,0
DA:360,0
DA:361,0
DA:363,0
DA:364,0
DA:365,0
DA:368,0
DA:370,0
DA:372,0
DA:373,0
DA:382,0
DA:386,0
DA:387,0
DA:395,0
DA:396,0
DA:404,0
DA:405,0
DA:413,0
DA:414,0
DA:415,0
DA:416,0
DA:417,0
DA:422,0
DA:423,0
DA:424,0
DA:425,0
DA:426,0
DA:431,0
DA:432,0
DA:435,0
DA:436,0
DA:437,0
DA:438,0
DA:439,0
DA:444,0
DA:445,0
DA:447,0
DA:452,0
DA:455,0
DA:457,0
DA:466,0
DA:471,0
DA:473,0
DA:478,0
DA:479,0
DA:480,0
DA:481,0
DA:485,0
DA:486,0
DA:487,0
DA:490,0
DA:496,0
DA:500,0
DA:504,0
DA:508,0
DA:512,0
DA:516,0
DA:520,0
DA:524,0
DA:528,0
DA:532,0
DA:536,0
DA:540,0
DA:544,0
DA:548,0
DA:552,0
DA:556,0
DA:560,0
DA:564,0
DA:568,0
DA:572,0
DA:576,0
DA:577,0
DA:580,0
DA:587,0
DA:590,0
DA:597,0
DA:599,0
DA:607,0
DA:609,0
DA:617,0
DA:619,0
DA:627,0
DA:629,0
DA:637,0
DA:639,0
DA:647,0
DA:649,0
DA:657,0
DA:659,0
DA:667,0
DA:669,0
DA:677,0
DA:679,0
DA:687,0
DA:689,0
DA:700,0
DA:702,0
DA:703,0
DA:710,0
DA:712,0
DA:720,0
DA:722,0
DA:730,0
DA:732,0
DA:740,0
DA:742,0
DA:750,0
DA:752,0
DA:760,0
DA:762,0
DA:773,0
DA:774,0
DA:775,0
LF:272
LH:1
end_of_record
SF:lib\utils\formatted_text.dart
DA:12,0
DA:21,0
DA:23,0
DA:25,0
DA:27,0
DA:28,0
DA:29,0
DA:30,0
DA:31,0
DA:32,0
DA:33,0
DA:34,0
DA:35,0
LF:13
LH:0
end_of_record
