SF:lib\weather_cubit.dart
DA:16,3
DA:18,0
DA:20,0
DA:23,0
DA:25,0
DA:26,0
DA:29,1
DA:34,1
DA:35,1
DA:38,1
DA:39,1
DA:42,3
DA:45,2
DA:47,1
DA:50,1
DA:51,1
DA:53,1
DA:55,1
DA:58,3
DA:60,2
DA:63,1
DA:65,2
DA:66,1
DA:70,3
DA:71,3
DA:73,2
DA:75,1
DA:78,1
DA:79,1
DA:80,1
DA:81,1
DA:83,0
DA:87,1
DA:91,1
DA:96,1
DA:97,1
DA:99,1
DA:100,3
DA:101,3
DA:102,3
DA:104,2
DA:105,2
DA:106,2
DA:107,2
DA:108,2
DA:109,1
DA:110,1
DA:111,2
DA:114,2
DA:115,2
DA:116,0
DA:121,0
DA:123,0
DA:124,0
DA:125,0
DA:126,0
DA:127,0
DA:128,0
DA:129,0
DA:130,0
DA:132,0
DA:133,0
DA:134,0
DA:135,0
DA:136,0
DA:137,0
DA:138,0
DA:139,0
DA:140,0
DA:143,0
DA:144,0
DA:145,0
DA:146,0
DA:147,0
DA:148,0
DA:149,0
DA:151,0
DA:152,0
DA:153,0
DA:154,0
DA:155,0
DA:156,0
DA:157,0
DA:158,0
DA:159,0
DA:163,1
DA:165,1
DA:166,2
DA:167,2
DA:168,2
DA:169,2
DA:170,2
DA:171,2
DA:172,2
DA:173,2
DA:174,2
DA:175,2
DA:176,2
DA:177,2
DA:178,2
DA:179,2
DA:184,1
DA:185,3
DA:188,1
DA:189,3
DA:192,1
DA:193,1
DA:194,2
LF:108
LH:67
end_of_record
SF:lib\models\weather_package.dart
DA:19,1
DA:38,1
DA:40,1
DA:50,1
DA:51,1
DA:56,0
DA:57,0
LF:7
LH:5
end_of_record
